[INFO ] 2022-07-27 21:17:18.597 [main] Helper - Write aidar3107 this text in [[ChromeDriver: chrome on MAC (08d0261e18ecd4f3ecd33637d14c6632)] -> xpath: //input[@name='login']] element
[INFO ] 2022-07-27 21:17:18.621 [main] Helper - Waiting to element to be Displayed[[ChromeDriver: chrome on MAC (08d0261e18ecd4f3ecd33637d14c6632)] -> xpath: //input[@name='login']]
[INFO ] 2022-07-27 21:17:19.076 [main] Helper - Write Aidar548889 this text in [[ChromeDriver: chrome on MAC (08d0261e18ecd4f3ecd33637d14c6632)] -> xpath: //input[@name='password']] element
[INFO ] 2022-07-27 21:17:19.092 [main] Helper - Waiting to element to be Displayed[[ChromeDriver: chrome on MAC (08d0261e18ecd4f3ecd33637d14c6632)] -> xpath: //input[@name='password']]
[INFO ] 2022-07-27 21:17:19.387 [main] Helper - Clicked element [[ChromeDriver: chrome on MAC (08d0261e18ecd4f3ecd33637d14c6632)] -> xpath: //input[@name='submit']]
[INFO ] 2022-07-27 21:17:19.414 [main] Helper - Waiting to element to be Displayed[[ChromeDriver: chrome on MAC (08d0261e18ecd4f3ecd33637d14c6632)] -> xpath: //input[@name='submit']]
[INFO ] 2022-07-27 21:17:19.500 [main] Helper - Waiting to element to be clickable[[ChromeDriver: chrome on MAC (08d0261e18ecd4f3ecd33637d14c6632)] -> xpath: //input[@name='submit']]
[INFO ] 2022-07-27 21:17:22.177 [main] Helper - Clicked element [[ChromeDriver: chrome on MAC (08d0261e18ecd4f3ecd33637d14c6632)] -> xpath: //a[@href='https://aidar.talentlms.com/dashboard']]
[INFO ] 2022-07-27 21:17:22.188 [main] Helper - Waiting to element to be Displayed[[ChromeDriver: chrome on MAC (08d0261e18ecd4f3ecd33637d14c6632)] -> xpath: //a[@href='https://aidar.talentlms.com/dashboard']]
[INFO ] 2022-07-27 21:17:22.243 [main] Helper - Waiting to element to be clickable[[ChromeDriver: chrome on MAC (08d0261e18ecd4f3ecd33637d14c6632)] -> xpath: //a[@href='https://aidar.talentlms.com/dashboard']]
[INFO ] 2022-07-27 21:17:24.258 [main] Helper - Clicked element [[ChromeDriver: chrome on MAC (08d0261e18ecd4f3ecd33637d14c6632)] -> xpath: (//a[@href='https://aidar.talentlms.com/user/create'])[2]]
[INFO ] 2022-07-27 21:17:24.277 [main] Helper - Waiting to element to be Displayed[[ChromeDriver: chrome on MAC (08d0261e18ecd4f3ecd33637d14c6632)] -> xpath: (//a[@href='https://aidar.talentlms.com/user/create'])[2]]
[INFO ] 2022-07-27 21:17:24.350 [main] Helper - Waiting to element to be clickable[[ChromeDriver: chrome on MAC (08d0261e18ecd4f3ecd33637d14c6632)] -> xpath: (//a[@href='https://aidar.talentlms.com/user/create'])[2]]
[INFO ] 2022-07-27 21:17:26.409 [main] AddUserPage - Getting text with helper class
[INFO ] 2022-07-27 21:17:26.442 [main] Helper - Get text from element [[ChromeDriver: chrome on MAC (08d0261e18ecd4f3ecd33637d14c6632)] -> xpath: //div[@class="tl-title tl-ellipsis"]]
[INFO ] 2022-07-27 21:17:26.778 [main] Helper - Write Aidar this text in [[ChromeDriver: chrome on MAC (08d0261e18ecd4f3ecd33637d14c6632)] -> xpath: //input[@name='name']] element
[INFO ] 2022-07-27 21:17:26.801 [main] Helper - Waiting to element to be Displayed[[ChromeDriver: chrome on MAC (08d0261e18ecd4f3ecd33637d14c6632)] -> xpath: //input[@name='name']]
[INFO ] 2022-07-27 21:17:27.205 [main] Helper - Write Askeev this text in [[ChromeDriver: chrome on MAC (08d0261e18ecd4f3ecd33637d14c6632)] -> xpath: //input[@name='surname']] element
[INFO ] 2022-07-27 21:17:27.228 [main] Helper - Waiting to element to be Displayed[[ChromeDriver: chrome on MAC (08d0261e18ecd4f3ecd33637d14c6632)] -> xpath: //input[@name='surname']]
[INFO ] 2022-07-27 21:17:27.603 [main] Helper - Write askeev71271BTC@gmail.com this text in [[ChromeDriver: chrome on MAC (08d0261e18ecd4f3ecd33637d14c6632)] -> xpath: //input[@name='email']] element
[INFO ] 2022-07-27 21:17:27.633 [main] Helper - Waiting to element to be Displayed[[ChromeDriver: chrome on MAC (08d0261e18ecd4f3ecd33637d14c6632)] -> xpath: //input[@name='email']]
[INFO ] 2022-07-27 21:17:28.175 [main] Helper - Delete all text in [[ChromeDriver: chrome on MAC (08d0261e18ecd4f3ecd33637d14c6632)] -> xpath: //input[@name='login']] and write aidar171E2LONMUSKthis text
[INFO ] 2022-07-27 21:17:28.606 [main] Helper - Write Bitcoin.1000 this text in [[ChromeDriver: chrome on MAC (08d0261e18ecd4f3ecd33637d14c6632)] -> xpath: //input[@name='password']] element
[INFO ] 2022-07-27 21:17:28.630 [main] Helper - Waiting to element to be Displayed[[ChromeDriver: chrome on MAC (08d0261e18ecd4f3ecd33637d14c6632)] -> xpath: //input[@name='password']]
[INFO ] 2022-07-27 21:17:29.004 [main] Helper - Write BTC dump this text in [[ChromeDriver: chrome on MAC (08d0261e18ecd4f3ecd33637d14c6632)] -> xpath: //textarea[@name='description']] element
[INFO ] 2022-07-27 21:17:29.028 [main] Helper - Waiting to element to be Displayed[[ChromeDriver: chrome on MAC (08d0261e18ecd4f3ecd33637d14c6632)] -> xpath: //textarea[@name='description']]
[INFO ] 2022-07-27 21:17:30.060 [main] Helper - Clicked element [[ChromeDriver: chrome on MAC (08d0261e18ecd4f3ecd33637d14c6632)] -> xpath: //input[@name='submit_personal_details']]
[INFO ] 2022-07-27 21:17:30.069 [main] Helper - Waiting to element to be Displayed[[ChromeDriver: chrome on MAC (08d0261e18ecd4f3ecd33637d14c6632)] -> xpath: //input[@name='submit_personal_details']]
[INFO ] 2022-07-27 21:17:30.181 [main] Helper - Waiting to element to be clickable[[ChromeDriver: chrome on MAC (08d0261e18ecd4f3ecd33637d14c6632)] -> xpath: //input[@name='submit_personal_details']]
[DEBUG] 2022-07-27 21:17:34.321 [main] Helper - Sleep code 1000milliseconds
[INFO ] 2022-07-27 21:17:35.834 [main] Helper - Write Nikita this text in [[ChromeDriver: chrome on MAC (08d0261e18ecd4f3ecd33637d14c6632)] -> xpath: //input[@name='name']] element
[INFO ] 2022-07-27 21:17:35.914 [main] Helper - Waiting to element to be Displayed[[ChromeDriver: chrome on MAC (08d0261e18ecd4f3ecd33637d14c6632)] -> xpath: //input[@name='name']]
[INFO ] 2022-07-27 21:17:36.183 [main] Helper - Write Cherevko this text in [[ChromeDriver: chrome on MAC (08d0261e18ecd4f3ecd33637d14c6632)] -> xpath: //input[@name='surname']] element
[INFO ] 2022-07-27 21:17:36.194 [main] Helper - Waiting to element to be Displayed[[ChromeDriver: chrome on MAC (08d0261e18ecd4f3ecd33637d14c6632)] -> xpath: //input[@name='surname']]
[INFO ] 2022-07-27 21:17:37.392 [main] Helper - Write chervnik112ETH@gmail.com this text in [[ChromeDriver: chrome on MAC (08d0261e18ecd4f3ecd33637d14c6632)] -> xpath: //input[@name='email']] element
[INFO ] 2022-07-27 21:17:37.473 [main] Helper - Waiting to element to be Displayed[[ChromeDriver: chrome on MAC (08d0261e18ecd4f3ecd33637d14c6632)] -> xpath: //input[@name='email']]
[INFO ] 2022-07-27 21:17:37.944 [main] Helper - Delete all text in [[ChromeDriver: chrome on MAC (08d0261e18ecd4f3ecd33637d14c6632)] -> xpath: //input[@name='login']] and write nikito1s217BITCOINthis text
[INFO ] 2022-07-27 21:17:38.271 [main] Helper - Write Ether.2000 this text in [[ChromeDriver: chrome on MAC (08d0261e18ecd4f3ecd33637d14c6632)] -> xpath: //input[@name='password']] element
[INFO ] 2022-07-27 21:17:38.308 [main] Helper - Waiting to element to be Displayed[[ChromeDriver: chrome on MAC (08d0261e18ecd4f3ecd33637d14c6632)] -> xpath: //input[@name='password']]
[INFO ] 2022-07-27 21:17:38.570 [main] Helper - Write ETH PUMP this text in [[ChromeDriver: chrome on MAC (08d0261e18ecd4f3ecd33637d14c6632)] -> xpath: //textarea[@name='description']] element
[INFO ] 2022-07-27 21:17:38.600 [main] Helper - Waiting to element to be Displayed[[ChromeDriver: chrome on MAC (08d0261e18ecd4f3ecd33637d14c6632)] -> xpath: //textarea[@name='description']]
[INFO ] 2022-07-27 21:17:39.441 [main] Helper - Clicked element [[ChromeDriver: chrome on MAC (08d0261e18ecd4f3ecd33637d14c6632)] -> xpath: //input[@name='submit_personal_details']]
[INFO ] 2022-07-27 21:17:39.470 [main] Helper - Waiting to element to be Displayed[[ChromeDriver: chrome on MAC (08d0261e18ecd4f3ecd33637d14c6632)] -> xpath: //input[@name='submit_personal_details']]
[INFO ] 2022-07-27 21:17:39.530 [main] Helper - Waiting to element to be clickable[[ChromeDriver: chrome on MAC (08d0261e18ecd4f3ecd33637d14c6632)] -> xpath: //input[@name='submit_personal_details']]
[DEBUG] 2022-07-27 21:17:43.371 [main] Helper - Sleep code 1000milliseconds
[INFO ] 2022-07-27 21:17:44.565 [main] Helper - Write Aisana this text in [[ChromeDriver: chrome on MAC (08d0261e18ecd4f3ecd33637d14c6632)] -> xpath: //input[@name='name']] element
[INFO ] 2022-07-27 21:17:44.582 [main] Helper - Waiting to element to be Displayed[[ChromeDriver: chrome on MAC (08d0261e18ecd4f3ecd33637d14c6632)] -> xpath: //input[@name='name']]
[INFO ] 2022-07-27 21:17:44.838 [main] Helper - Write Erlanova this text in [[ChromeDriver: chrome on MAC (08d0261e18ecd4f3ecd33637d14c6632)] -> xpath: //input[@name='surname']] element
[INFO ] 2022-07-27 21:17:44.863 [main] Helper - Waiting to element to be Displayed[[ChromeDriver: chrome on MAC (08d0261e18ecd4f3ecd33637d14c6632)] -> xpath: //input[@name='surname']]
[INFO ] 2022-07-27 21:17:45.082 [main] Helper - Write erlanovas121LTC@gmail.com this text in [[ChromeDriver: chrome on MAC (08d0261e18ecd4f3ecd33637d14c6632)] -> xpath: //input[@name='email']] element
[INFO ] 2022-07-27 21:17:45.107 [main] Helper - Waiting to element to be Displayed[[ChromeDriver: chrome on MAC (08d0261e18ecd4f3ecd33637d14c6632)] -> xpath: //input[@name='email']]
[INFO ] 2022-07-27 21:17:45.484 [main] Helper - Delete all text in [[ChromeDriver: chrome on MAC (08d0261e18ecd4f3ecd33637d14c6632)] -> xpath: //input[@name='login']] and write aisan1a721LITECOINthis text
[INFO ] 2022-07-27 21:17:45.783 [main] Helper - Write Bitcoin.100 this text in [[ChromeDriver: chrome on MAC (08d0261e18ecd4f3ecd33637d14c6632)] -> xpath: //input[@name='password']] element
[INFO ] 2022-07-27 21:17:45.806 [main] Helper - Waiting to element to be Displayed[[ChromeDriver: chrome on MAC (08d0261e18ecd4f3ecd33637d14c6632)] -> xpath: //input[@name='password']]
[INFO ] 2022-07-27 21:17:46.048 [main] Helper - Write ETH PUMP this text in [[ChromeDriver: chrome on MAC (08d0261e18ecd4f3ecd33637d14c6632)] -> xpath: //textarea[@name='description']] element
[INFO ] 2022-07-27 21:17:46.064 [main] Helper - Waiting to element to be Displayed[[ChromeDriver: chrome on MAC (08d0261e18ecd4f3ecd33637d14c6632)] -> xpath: //textarea[@name='description']]
[INFO ] 2022-07-27 21:17:46.853 [main] Helper - Clicked element [[ChromeDriver: chrome on MAC (08d0261e18ecd4f3ecd33637d14c6632)] -> xpath: //input[@name='submit_personal_details']]
[INFO ] 2022-07-27 21:17:46.883 [main] Helper - Waiting to element to be Displayed[[ChromeDriver: chrome on MAC (08d0261e18ecd4f3ecd33637d14c6632)] -> xpath: //input[@name='submit_personal_details']]
[INFO ] 2022-07-27 21:17:46.953 [main] Helper - Waiting to element to be clickable[[ChromeDriver: chrome on MAC (08d0261e18ecd4f3ecd33637d14c6632)] -> xpath: //input[@name='submit_personal_details']]
[DEBUG] 2022-07-27 21:17:50.883 [main] Helper - Sleep code 1000milliseconds
[INFO ] 2022-07-27 21:17:52.021 [main] Helper - Write Asan this text in [[ChromeDriver: chrome on MAC (08d0261e18ecd4f3ecd33637d14c6632)] -> xpath: //input[@name='name']] element
[INFO ] 2022-07-27 21:17:52.040 [main] Helper - Waiting to element to be Displayed[[ChromeDriver: chrome on MAC (08d0261e18ecd4f3ecd33637d14c6632)] -> xpath: //input[@name='name']]
[INFO ] 2022-07-27 21:17:52.298 [main] Helper - Write Daniyarov this text in [[ChromeDriver: chrome on MAC (08d0261e18ecd4f3ecd33637d14c6632)] -> xpath: //input[@name='surname']] element
[INFO ] 2022-07-27 21:17:52.317 [main] Helper - Waiting to element to be Displayed[[ChromeDriver: chrome on MAC (08d0261e18ecd4f3ecd33637d14c6632)] -> xpath: //input[@name='surname']]
[INFO ] 2022-07-27 21:17:52.724 [main] Helper - Write asa1nXRP12@gmail.com this text in [[ChromeDriver: chrome on MAC (08d0261e18ecd4f3ecd33637d14c6632)] -> xpath: //input[@name='email']] element
[INFO ] 2022-07-27 21:17:52.763 [main] Helper - Waiting to element to be Displayed[[ChromeDriver: chrome on MAC (08d0261e18ecd4f3ecd33637d14c6632)] -> xpath: //input[@name='email']]
[INFO ] 2022-07-27 21:17:53.104 [main] Helper - Delete all text in [[ChromeDriver: chrome on MAC (08d0261e18ecd4f3ecd33637d14c6632)] -> xpath: //input[@name='login']] and write asan7DO211GEthis text
[INFO ] 2022-07-27 21:17:53.363 [main] Helper - Write asanDoge.100 this text in [[ChromeDriver: chrome on MAC (08d0261e18ecd4f3ecd33637d14c6632)] -> xpath: //input[@name='password']] element
[INFO ] 2022-07-27 21:17:53.387 [main] Helper - Waiting to element to be Displayed[[ChromeDriver: chrome on MAC (08d0261e18ecd4f3ecd33637d14c6632)] -> xpath: //input[@name='password']]
[INFO ] 2022-07-27 21:17:53.816 [main] Helper - Write ETH PUMP this text in [[ChromeDriver: chrome on MAC (08d0261e18ecd4f3ecd33637d14c6632)] -> xpath: //textarea[@name='description']] element
[INFO ] 2022-07-27 21:17:53.839 [main] Helper - Waiting to element to be Displayed[[ChromeDriver: chrome on MAC (08d0261e18ecd4f3ecd33637d14c6632)] -> xpath: //textarea[@name='description']]
[INFO ] 2022-07-27 21:17:54.759 [main] Helper - Clicked element [[ChromeDriver: chrome on MAC (08d0261e18ecd4f3ecd33637d14c6632)] -> xpath: //input[@name='submit_personal_details']]
[INFO ] 2022-07-27 21:17:54.777 [main] Helper - Waiting to element to be Displayed[[ChromeDriver: chrome on MAC (08d0261e18ecd4f3ecd33637d14c6632)] -> xpath: //input[@name='submit_personal_details']]
[INFO ] 2022-07-27 21:17:54.871 [main] Helper - Waiting to element to be clickable[[ChromeDriver: chrome on MAC (08d0261e18ecd4f3ecd33637d14c6632)] -> xpath: //input[@name='submit_personal_details']]
[DEBUG] 2022-07-27 21:17:59.215 [main] Helper - Sleep code 1000milliseconds
[INFO ] 2022-07-27 21:18:00.565 [main] Helper - Get text from element [[ChromeDriver: chrome on MAC (08d0261e18ecd4f3ecd33637d14c6632)] -> xpath: //div[@class='toast-message']]
[DEBUG] 2022-07-27 21:18:02.774 [main] Helper - Sleep code 2000milliseconds
[INFO ] 2022-07-27 21:18:12.868 [main] Helper - Clicked element Proxy element for: DefaultElementLocator 'By.xpath: //a[text()='Info']'
[INFO ] 2022-07-27 21:18:23.030 [main] Helper - Waiting to element to be DisplayedProxy element for: DefaultElementLocator 'By.xpath: //a[text()='Info']'
